#
# There is insufficient memory for the Java Runtime Environment to continue.
# Native memory allocation (mmap) failed to map 534773760 bytes for Failed to commit area from 0x00000000e0000000 to 0x00000000ffe00000 of length 534773760.
# Possible reasons:
#   The system is out of physical RAM or swap space
#   The process is running with CompressedOops enabled, and the Java Heap may be blocking the growth of the native heap
# Possible solutions:
#   Reduce memory load on the system
#   Increase physical memory or swap space
#   Check if swap backing store is full
#   Decrease Java heap size (-Xmx/-Xms)
#   Decrease number of Java threads
#   Decrease Java thread stack sizes (-Xss)
#   Set larger code cache with -XX:ReservedCodeCacheSize=
# This output file may be truncated or incomplete.
#
#  Out of Memory Error (./src/hotspot/os/windows/os_windows.cpp:3619), pid=37224, tid=17040
#
# JRE version:  (11.0.13) (build )
# Java VM: OpenJDK 64-Bit Server VM (11.0.13+0-b1751.21-8125866, mixed mode, sharing, tiered, compressed oops, g1 gc, windows-amd64)
# No core dump will be written. Minidumps are not enabled by default on client versions of Windows
#

---------------  S U M M A R Y ------------

Command Line: -Djava.awt.headless=true -Dorg.gradle.internal.worker.tmpdir=D:\OneDrive\Documents\CMPUT 301\Lab 8\Lab8\app\build\tmp\testDebugUnitTest\work -Dorg.gradle.native=false --add-opens=java.base/java.util=ALL-UNNAMED --add-opens=java.base/java.lang=ALL-UNNAMED -Xmx512m -Dfile.encoding=UTF-8 -Duser.country=CN -Duser.language=zh -Duser.variant -ea worker.org.gradle.process.internal.worker.GradleWorkerMain 'Gradle Test Executor 6'

Host: Intel(R) Core(TM) i7-10700K CPU @ 3.80GHz, 16 cores, 31G,  Windows 10 , 64 bit Build 19041 (10.0.19041.1889)
Time: Mon Oct 31 01:25:46 2022 É½µØÏÄÁîÊ± elapsed time: 0.009326 seconds (0d 0h 0m 0s)

---------------  T H R E A D  ---------------

Current thread (0x000001cd38615800):  JavaThread "Unknown thread" [_thread_in_vm, id=17040, stack(0x000000ab60a00000,0x000000ab60b00000)]

Stack: [0x000000ab60a00000,0x000000ab60b00000]
Native frames: (J=compiled Java code, j=interpreted, Vv=VM code, C=native code)
V  [jvm.dll+0x6100fa]
V  [jvm.dll+0x747090]
V  [jvm.dll+0x7486ad]
V  [jvm.dll+0x748d83]
V  [jvm.dll+0x24ab48]
V  [jvm.dll+0x60d164]
V  [jvm.dll+0x601e75]
V  [jvm.dll+0x308bdb]
V  [jvm.dll+0x308b4a]
V  [jvm.dll+0x308a22]
V  [jvm.dll+0x30d986]
V  [jvm.dll+0x357093]
V  [jvm.dll+0x357796]
V  [jvm.dll+0x357193]
V  [jvm.dll+0x2e3448]
V  [jvm.dll+0x2e45f7]
V  [jvm.dll+0x7242e7]
V  [jvm.dll+0x725adc]
V  [jvm.dll+0x364629]
V  [jvm.dll+0x707cee]
V  [jvm.dll+0x3d2633]
V  [jvm.dll+0x3d4a21]
C  [jli.dll+0x536b]
C  [ucrtbase.dll+0x21bb2]
C  [KERNEL32.DLL+0x17034]
C  [ntdll.dll+0x526a1]


---------------  P R O C E S S  ---------------

Threads class SMR info:
_java_thread_list=0x000001cd363eefe0, length=0, elements={
}

Java Threads: ( => current thread )

Other Threads:
  0x000001cd38632000 GCTaskThread "GC Thread#0" [stack: 0x000000ab60b00000,0x000000ab60c00000] [id=34448]
  0x000001cd38643800 ConcurrentGCThread "G1 Main Marker" [stack: 0x000000ab60c00000,0x000000ab60d00000] [id=15328]
  0x000001cd38644800 ConcurrentGCThread "G1 Conc#0" [stack: 0x000000ab60d00000,0x000000ab60e00000] [id=24520]

[error occurred during error reporting (printing all threads), id 0xc0000005, EXCEPTION_ACCESS_VIOLATION (0xc0000005) at pc=0x00007ffca3f23dd7]

VM state:not at safepoint (not fully initialized)

VM Mutex/Monitor currently owned by a thread:  ([mutex/lock_event])
[0x000001cd386108d0] Heap_lock - owner thread: 0x000001cd38615800

Heap address: 0x00000000e0000000, size: 512 MB, Compressed Oops mode: Non-zero based: 0x00000000e0000000
Narrow klass base: 0x0000000000000000, Narrow klass shift: 0

GC Heap History (0 events):
No events

Deoptimization events (0 events):
No events

Classes redefined (0 events):
No events

Internal exceptions (0 events):
No events

Events (1 events):
Event: 0.006 Loaded shared library D:\Apps\Android Studio\jre\bin\zip.dll


Dynamic libraries:
0x00007ff6f82a0000 - 0x00007ff6f82aa000 	D:\Apps\Android Studio\jre\bin\java.exe
0x00007ffd517b0000 - 0x00007ffd519a8000 	C:\Windows\SYSTEM32\ntdll.dll
0x00007ffd50e70000 - 0x00007ffd50f2d000 	C:\Windows\System32\KERNEL32.DLL
0x00007ffd4ef30000 - 0x00007ffd4f202000 	C:\Windows\System32\KERNELBASE.dll
0x00007ffd4f3c0000 - 0x00007ffd4f4c0000 	C:\Windows\System32\ucrtbase.dll
0x00007ffd47160000 - 0x00007ffd47179000 	D:\Apps\Android Studio\jre\bin\jli.dll
0x00007ffd47c00000 - 0x00007ffd47c17000 	D:\Apps\Android Studio\jre\bin\VCRUNTIME140.dll
0x00007ffd4f810000 - 0x00007ffd4f9ad000 	C:\Windows\System32\USER32.dll
0x00007ffd3a2f0000 - 0x00007ffd3a58a000 	C:\Windows\WinSxS\amd64_microsoft.windows.common-controls_6595b64144ccf1df_6.0.19041.1110_none_60b5254171f9507e\COMCTL32.dll
0x00007ffd4f390000 - 0x00007ffd4f3b2000 	C:\Windows\System32\win32u.dll
0x00007ffd50d50000 - 0x00007ffd50dee000 	C:\Windows\System32\msvcrt.dll
0x00007ffd4fdf0000 - 0x00007ffd4fe1b000 	C:\Windows\System32\GDI32.dll
0x00007ffd4f510000 - 0x00007ffd4f61f000 	C:\Windows\System32\gdi32full.dll
0x00007ffd4f2f0000 - 0x00007ffd4f38d000 	C:\Windows\System32\msvcp_win.dll
0x00007ffd501e0000 - 0x00007ffd50210000 	C:\Windows\System32\IMM32.DLL
0x00007ffcf2c90000 - 0x00007ffcf2d2d000 	D:\Apps\Android Studio\jre\bin\msvcp140.dll
0x00007ffca3c30000 - 0x00007ffca4732000 	D:\Apps\Android Studio\jre\bin\server\jvm.dll
0x00007ffd4fd40000 - 0x00007ffd4fdee000 	C:\Windows\System32\ADVAPI32.dll
0x00007ffd516d0000 - 0x00007ffd5176c000 	C:\Windows\System32\sechost.dll
0x00007ffd503f0000 - 0x00007ffd50515000 	C:\Windows\System32\RPCRT4.dll
0x00007ffd50fa0000 - 0x00007ffd50fa8000 	C:\Windows\System32\PSAPI.DLL
0x00007ffcf4600000 - 0x00007ffcf4609000 	C:\Windows\SYSTEM32\WSOCK32.dll
0x00007ffd51660000 - 0x00007ffd516cb000 	C:\Windows\System32\WS2_32.dll
0x00007ffd47af0000 - 0x00007ffd47afa000 	C:\Windows\SYSTEM32\VERSION.dll
0x00007ffd445c0000 - 0x00007ffd445e7000 	C:\Windows\SYSTEM32\WINMM.dll
0x00007ffd4d710000 - 0x00007ffd4d722000 	C:\Windows\SYSTEM32\kernel.appcore.dll
0x00007ffd446b0000 - 0x00007ffd446c1000 	D:\Apps\Android Studio\jre\bin\verify.dll
0x00007ffd4d4f0000 - 0x00007ffd4d6d4000 	C:\Windows\SYSTEM32\DBGHELP.DLL
0x00007ffd30a00000 - 0x00007ffd30a2c000 	C:\Windows\SYSTEM32\dbgcore.DLL
0x00007ffd4f780000 - 0x00007ffd4f802000 	C:\Windows\System32\bcryptPrimitives.dll
0x00007ffd1f050000 - 0x00007ffd1f079000 	D:\Apps\Android Studio\jre\bin\java.dll
0x00007ffd494f0000 - 0x00007ffd494fb000 	D:\Apps\Android Studio\jre\bin\jimage.dll
0x00007ffd299a0000 - 0x00007ffd299b8000 	D:\Apps\Android Studio\jre\bin\zip.dll

dbghelp: loaded successfully - version: 4.0.5 - missing functions: none
symbol engine: initialized successfully - sym options: 0x614 - pdb path: .;D:\Apps\Android Studio\jre\bin;C:\Windows\SYSTEM32;C:\Windows\WinSxS\amd64_microsoft.windows.common-controls_6595b64144ccf1df_6.0.19041.1110_none_60b5254171f9507e;D:\Apps\Android Studio\jre\bin\server

VM Arguments:
jvm_args: -Djava.awt.headless=true -Dorg.gradle.internal.worker.tmpdir=D:\OneDrive\Documents\CMPUT 301\Lab 8\Lab8\app\build\tmp\testDebugUnitTest\work -Dorg.gradle.native=false --add-opens=java.base/java.util=ALL-UNNAMED --add-opens=java.base/java.lang=ALL-UNNAMED -Xmx512m -Dfile.encoding=UTF-8 -Duser.country=CN -Duser.language=zh -Duser.variant -ea 
java_command: worker.org.gradle.process.internal.worker.GradleWorkerMain 'Gradle Test Executor 6'
java_class_path (initial): C:\Users\SKY\.gradle\caches\7.4\workerMain\gradle-worker.jar;D:\OneDrive\Documents\CMPUT 301\Lab 8\Lab8\app\build\intermediates\javac\debugUnitTest\classes;D:\OneDrive\Documents\CMPUT 301\Lab 8\Lab8\app\build\intermediates\runtime_app_classes_jar\debug\classes.jar;C:\Users\SKY\.gradle\caches\modules-2\files-2.1\junit\junit\4.13.2\8ac9e16d933b6fb43bc7f576336b8f4d7eb5ba12\junit-4.13.2.jar;C:\Users\SKY\.gradle\caches\modules-2\files-2.1\org.junit.jupiter\junit-jupiter-engine\5.3.2\69350316a14c46d8f6c4c909e469ec9edf58c4f8\junit-jupiter-engine-5.3.2.jar;C:\Users\SKY\.gradle\caches\modules-2\files-2.1\org.junit.jupiter\junit-jupiter-api\5.3.2\3602b523ffae9dabc04c329d73ab39ab04b3cbe2\junit-jupiter-api-5.3.2.jar;C:\Users\SKY\.gradle\caches\transforms-3\1f1a3284368dd821a22d1aefb32f925e\transformed\material-1.6.1-runtime.jar;C:\Users\SKY\.gradle\caches\transforms-3\da3a78b43178a74a8d8242d7686bf49d\transformed\constraintlayout-2.1.4-runtime.jar;C:\Users\SKY\.gradle\caches\transforms-3\ef0bc488ba50eeb54c3a8bfba8e6ca9f\transformed\appcompat-resources-1.5.1-runtime.jar;C:\Users\SKY\.gradle\caches\transforms-3\430542f93d613575729c6c11d9713dd3\transformed\appcompat-1.5.1-runtime.jar;C:\Users\SKY\.gradle\caches\modules-2\files-2.1\org.hamcrest\hamcrest-core\1.3\42a25dc3219429f0e5d060061f71acb49bf010a0\hamcrest-core-1.3.jar;C:\Users\SKY\.gradle\caches\modules-2\files-2.1\org.junit.platform\junit-platform-engine\1.3.2\c54bc1d4654bd1ef15fccf512ce664184085969\junit-platform-engine-1.3.2.jar;C:\Users\SKY\.gradle\caches\modules-2\files-2.1\org.junit.platform\junit-platform-commons\1.3.2\378d1d1b162426ad031522f6d51e3bf28d1631a4\junit-platform-commons-1.3.2.jar;C:\Users\SKY\.gradle\caches\modules-2\files-2.1\org.apiguardian\apiguardian-api\1.0.0\3ef5276905e36f4d8055fe3cb0bdcc7503ffc85d\apiguardian-api-1.0.0.jar;C:\Users\SKY\.gradle\caches\modules-2\files-2.1\org.opentest4j\opentest4j\1.1.1\efd9f971e91074491ea55b19f67b13470cf4fcdd\opentest4j-1.1.1.jar;C:\Users\SK
Launcher Type: SUN_STANDARD

[Global flags]
     intx CICompilerCount                          = 12                                        {product} {ergonomic}
     uint ConcGCThreads                            = 3                                         {product} {ergonomic}
     uint G1ConcRefinementThreads                  = 13                                        {product} {ergonomic}
   size_t G1HeapRegionSize                         = 1048576                                   {product} {ergonomic}
    uintx GCDrainStackTargetSize                   = 64                                        {product} {ergonomic}
   size_t InitialHeapSize                          = 534773760                                 {product} {ergonomic}
   size_t MarkStackSize                            = 4194304                                   {product} {ergonomic}
   size_t MaxHeapSize                              = 536870912                                 {product} {command line}
   size_t MinHeapDeltaBytes                        = 1048576                                   {product} {ergonomic}
    uintx NonNMethodCodeHeapSize                   = 7594288                                {pd product} {ergonomic}
    uintx NonProfiledCodeHeapSize                  = 122031976                              {pd product} {ergonomic}
    uintx ProfiledCodeHeapSize                     = 122031976                              {pd product} {ergonomic}
    uintx ReservedCodeCacheSize                    = 251658240                              {pd product} {ergonomic}
     bool SegmentedCodeCache                       = true                                      {product} {ergonomic}
     bool UseCompressedClassPointers               = true                                 {lp64_product} {ergonomic}
     bool UseCompressedOops                        = true                                 {lp64_product} {ergonomic}
     bool UseG1GC                                  = true                                      {product} {ergonomic}
     bool UseLargePagesIndividualAllocation        = false                                  {pd product} {ergonomic}

Logging:
Log output configuration:
 #0: stdout all=warning uptime,level,tags
 #1: stderr all=off uptime,level,tags

Environment Variables:
CLASSPATH=%CLASSPATH%;D:\OneDrive\Documents\CMPUT 301\junit-4.10.jar;.;
PATH=C:\Program Files (x86)\Common Files\Intel\Shared Libraries\redist\intel64\compiler;C:\Program Files\Common Files\Oracle\Java\javapath;C:\Program Files (x86)\Common Files\Oracle\Java\javapath;D:\Oculus\Support\oculus-runtime;C:\Windows\system32;C:\Windows;C:\Windows\System32\Wbem;C:\Windows\System32\WindowsPowerShell\v1.0\;C:\Windows\System32\OpenSSH\;C:\Program Files\NVIDIA Corporation\NVIDIA NvDLISR;D:\Apps\PuTTY\;C:\Program Files (x86)\NVIDIA Corporation\PhysX\Common;D:\Apps\Git\cmd;C:\Program Files\dotnet\;C:\Users\SKY\AppData\Local\Microsoft\WindowsApps;D:\Apps\Microsoft VS Code\bin;D:\Apps\Bandizip\;D:\Apps\MongoDB\Server\5.0\bin;C:\Users\SKY\AppData\Local\gitkraken\bin;D:\Apps\Fiddler;D:\Apps\GitHub CLI\;D:\Apps\Julia-1.6.5\bin;C:\Users\SKY\AppData\Local\Android\Sdk\platform-tools;
USERNAME=SKY
OS=Windows_NT
PROCESSOR_IDENTIFIER=Intel64 Family 6 Model 165 Stepping 5, GenuineIntel



---------------  S Y S T E M  ---------------

OS: Windows 10 , 64 bit Build 19041 (10.0.19041.1889)
OS uptime: 2 days 20:45 hours

CPU:total 16 (initial active 16) (8 cores per cpu, 2 threads per core) family 6 model 165 stepping 5 microcode 0xf0, cmov, cx8, fxsr, mmx, sse, sse2, sse3, ssse3, sse4.1, sse4.2, popcnt, avx, avx2, aes, clmul, erms, 3dnowpref, lzcnt, ht, tsc, tscinvbit, bmi1, bmi2, adx, fma

Memory: 4k page, system-wide physical 32523M (12317M free)
TotalPageFile size 34571M (AvailPageFile size 174M)
current process WorkingSet (physical memory assigned to process): 10M, peak: 10M
current process commit charge ("private bytes"): 69M, peak: 579M

vm_info: OpenJDK 64-Bit Server VM (11.0.13+0-b1751.21-8125866) for windows-amd64 JRE (11.0.13+0-b1751.21-8125866), built on Feb  2 2022 03:00:22 by "builder" with MS VC++ 14.0 (VS2015)

END.
